-------------------------------------------------------------------------------
Test set: fantasytennisjava.AppTest
-------------------------------------------------------------------------------
Tests run: 2, Failures: 1, Errors: 0, Skipped: 0, Time elapsed: 0.028 s <<< FAILURE! - in fantasytennisjava.AppTest
shouldFail(fantasytennisjava.AppTest)  Time elapsed: 0.003 s  <<< FAILURE!
java.lang.AssertionError
	at fantasytennisjava.AppTest.shouldFail(AppTest.java:16)

