<?xml version="1.0" encoding="UTF-8"?>
<testsuite xmlns:xsi="http://www.w3.org/2001/XMLSchema-instance" xsi:noNamespaceSchemaLocation="https://maven.apache.org/surefire/maven-surefire-plugin/xsd/surefire-test-report.xsd" name="fantasytennisjava.AppTest" time="0.028" tests="2" errors="0" skipped="0" failures="1">
  <properties>
[...]
</properties>
  <testcase name="shouldAnswerWithTrue" classname="fantasytennisjava.AppTest" time="0.001"/>
  <testcase name="shouldFail" classname="fantasytennisjava.AppTest" time="0.003">
    <failure type="java.lang.AssertionError">java.lang.AssertionError
	at fantasytennisjava.AppTest.shouldFail(AppTest.java:16)
</failure>
  </testcase>
</testsuite>